  VideoCut.cpp
F:\Users\Documents\SourceControl\Github\C++ Porjects\Video-Editor-Auto\source\VideoCut.cpp(125,34): warning C4244: '=': conversion from 'int64_t' to 'int', possible loss of data
F:\Users\Documents\SourceControl\Github\C++ Porjects\Video-Editor-Auto\source\VideoCut.cpp(191,44): warning C4267: 'initializing': conversion from 'size_t' to 'int', possible loss of data
F:\Users\Documents\SourceControl\Github\C++ Porjects\Video-Editor-Auto\source\VideoCut.cpp(359,18): warning C4244: 'initializing': conversion from 'double' to 'int', possible loss of data
F:\Users\Documents\SourceControl\Github\C++ Porjects\Video-Editor-Auto\source\VideoCut.cpp(440,43): warning C4244: 'argument': conversion from 'int' to 'float', possible loss of data
F:\Users\Documents\SourceControl\Github\C++ Porjects\Video-Editor-Auto\source\VideoCut.cpp(440,19): warning C4244: 'argument': conversion from 'int' to 'const float', possible loss of data
F:\Users\Documents\SourceControl\Github\C++ Porjects\Video-Editor-Auto\source\VideoCut.cpp(447,38): warning C4244: 'argument': conversion from 'int' to 'float', possible loss of data
F:\Users\Documents\SourceControl\Github\C++ Porjects\Video-Editor-Auto\source\VideoCut.cpp(447,14): warning C4244: 'argument': conversion from 'int' to 'const float', possible loss of data
F:\Users\Documents\SourceControl\Github\C++ Porjects\Video-Editor-Auto\source\VideoCut.cpp(641,46): warning C4267: 'initializing': conversion from 'size_t' to 'int', possible loss of data
F:\Users\Documents\SourceControl\Github\C++ Porjects\Video-Editor-Auto\source\VideoCut.cpp(684,19): warning C4244: 'initializing': conversion from 'int64_t' to 'int', possible loss of data
F:\Users\Documents\SourceControl\Github\C++ Porjects\Video-Editor-Auto\source\VideoCut.cpp(696,27): warning C4244: '+=': conversion from 'int64_t' to 'int', possible loss of data
F:\Users\Documents\SourceControl\Github\C++ Porjects\Video-Editor-Auto\source\VideoCut.cpp(707,30): warning C4244: 'argument': conversion from 'int' to 'float', possible loss of data
F:\Users\Documents\SourceControl\Github\C++ Porjects\Video-Editor-Auto\source\VideoCut.cpp(707,17): warning C4244: 'argument': conversion from 'int' to 'const float', possible loss of data
F:\Users\Documents\SourceControl\Github\C++ Porjects\Video-Editor-Auto\source\VideoCut.cpp(752,10): warning C4244: 'initializing': conversion from 'float' to 'int', possible loss of data
  Video Editor Auto.vcxproj -> F:\Users\Documents\SourceControl\Github\C++ Porjects\Video-Editor-Auto\bin\x64\Debug\Video Editor Auto.exe

Project Performance Summary:
     2037 ms  F:\Users\Documents\SourceControl\Github\C++ Porjects\Video-Editor-Auto\Video Editor Auto\Video Editor Auto.vcxproj   1 calls
               2037 ms  Build                                      1 calls

Target Performance Summary:
        0 ms  Build                                      1 calls
        0 ms  BuildCompile                               1 calls
        0 ms  _BuildCompileAction                        1 calls
        0 ms  AfterBuildCompileEvent                     1 calls
        0 ms  _ResourceCompile                           1 calls
        0 ms  AfterResourceCompile                       1 calls
        0 ms  CreateSatelliteAssemblies                  1 calls
        0 ms  BeforeResourceCompile                      1 calls
        0 ms  BuildLinkTraverse                          1 calls
        0 ms  _ClCompile                                 1 calls
        0 ms  _Appverifier                               1 calls
        0 ms  SelectClCompile                            1 calls
        0 ms  _Deploy                                    1 calls
        0 ms  GetCopyToOutputDirectoryXamlAppDefs        1 calls
        0 ms  ComputeReferenceCLInput                    1 calls
        0 ms  ComputeCLInputPDBName                      1 calls
        0 ms  BeforeClCompile                            1 calls
        0 ms  AfterClCompile                             1 calls
        0 ms  _Manifest                                  1 calls
        0 ms  _BscMake                                   1 calls
        0 ms  ComputeRCOutputs                           1 calls
        0 ms  _ALink                                     1 calls
        0 ms  _Link                                      1 calls
        0 ms  AfterLink                                  1 calls
        0 ms  ComputeLinkImportLibraryOutputsForClean    1 calls
        0 ms  ComputeCLCompileGeneratedXDCFiles          1 calls
        0 ms  MakeDirsForXdcMake                         1 calls
        0 ms  PreLinkEvent                               1 calls
        0 ms  BeforeLink                                 1 calls
        0 ms  _XdcMake                                   1 calls
        0 ms  CreateCustomManifestResourceNames          1 calls
        0 ms  ComputeCLCompileGeneratedSbrFiles          1 calls
        0 ms  ComputeManifestInputsTargets               1 calls
        0 ms  MakeDirsForBscMake                         1 calls
        0 ms  ComputeCLGeneratedLinkInputs               1 calls
        0 ms  ComputeManifestGeneratedLinkerInputs       1 calls
        0 ms  ComputeRCGeneratedLinkInputs               1 calls
        0 ms  PrepareResourceNames                       1 calls
        0 ms  BuildGenerateSources                       1 calls
        0 ms  BuildCompileTraverse                       1 calls
        0 ms  AfterBuildGenerateSourcesEvent             1 calls
        0 ms  CopyFilesToOutputDirectory                 1 calls
        0 ms  _BuildGenerateSourcesAction                1 calls
        0 ms  ResolveSDKReferences                       1 calls
        0 ms  PrepareForRun                              1 calls
        0 ms  _CheckWindowsSDKInstalled                  1 calls
        0 ms  GetResolvedWinMD                           1 calls
        0 ms  GetReferenceAssemblyPaths                  1 calls
        0 ms  GetFrameworkPaths                          1 calls
        0 ms  PostBuildEvent                             1 calls
        0 ms  PrepareProjectReferences                   1 calls
        0 ms  _BuildLinkAction                           1 calls
        0 ms  BeforeResolveReferences                    1 calls
        0 ms  _PrepareForReferenceResolution             1 calls
        0 ms  BuildLink                                  1 calls
        0 ms  AfterBuild                                 1 calls
        0 ms  ResolveAssemblyReferences                  1 calls
        0 ms  AfterResolveReferences                     1 calls
        0 ms  ExpandSDKReferences                        1 calls
        0 ms  _CheckForCompileOutputs                    1 calls
        0 ms  AfterBuildGenerateSources                  1 calls
        0 ms  _Midl                                      1 calls
        0 ms  AfterMidl                                  1 calls
        0 ms  ComputeMIDLGeneratedCompileInputs          1 calls
        0 ms  MakeDirsForMidl                            1 calls
        0 ms  _Xsd                                       1 calls
        0 ms  ResolveReferences                          1 calls
        0 ms  _CopySourceItemsToOutputDirectory          1 calls
        0 ms  RegisterOutput                             1 calls
        0 ms  ComputeCustomBuildOutput                   1 calls
        0 ms  SelectCustomBuild                          1 calls
        0 ms  _SelectedFiles                             1 calls
        0 ms  PreBuildEvent                              1 calls
        0 ms  BeforeBuildGenerateSources                 1 calls
        0 ms  BuildGenerateSourcesTraverse               1 calls
        0 ms  ComputeCLOutputs                           1 calls
        0 ms  SplitResourcesByCulture                    1 calls
        0 ms  SetBuildDefaultEnvironmentVariables        1 calls
        0 ms  CopyFileToFolders                          1 calls
        0 ms  SetCABuildNativeEnvironmentVariables       1 calls
        0 ms  FixupCLCompileOptions                      1 calls
        0 ms  DoLinkOutputFilesMatch                     1 calls
        0 ms  _GetProjectReferenceTargetFrameworkProperties   1 calls
        0 ms  _SplitProjectReferencesByFileExistence     1 calls
        1 ms  MakeDirsForResourceCompile                 1 calls
        1 ms  ComputeLinkInputsFromProject               1 calls
        1 ms  _GenerateSatelliteAssemblyInputs           1 calls
        1 ms  ResolvedXDCMake                            1 calls
        1 ms  FinalizeBuildStatus                        1 calls
        1 ms  GetCopyToOutputDirectoryItems              1 calls
        1 ms  ComputeLegacyManifestEmbedding             1 calls
        1 ms  MakeDirsForLink                            1 calls
        1 ms  AssignTargetPaths                          1 calls
        1 ms  _PrepareForBuild                           1 calls
        1 ms  AssignProjectConfiguration                 1 calls
        2 ms  ComputeLinkSwitches                        1 calls
        3 ms  CustomBuild                                1 calls
        3 ms  WarnCompileDuplicatedFilename              1 calls
        4 ms  MakeDirsForCl                              1 calls
        5 ms  InitializeBuildStatus                      1 calls
        6 ms  SetTelemetryEnvironmentVariables           1 calls
        8 ms  PrepareForBuild                            1 calls
        8 ms  _CheckForInvalidConfigurationAndPlatform   1 calls
       15 ms  _HandlePackageFileConflicts                1 calls
       29 ms  ResolveProjectReferences                   1 calls
      916 ms  Link                                       1 calls
     1026 ms  ClCompile                                  1 calls

Task Performance Summary:
        0 ms  AssignCulture                              1 calls
        0 ms  ReadLinesFromFile                          1 calls
        0 ms  MSBuild                                    1 calls
        1 ms  Delete                                     1 calls
        1 ms  AssignProjectConfiguration                 1 calls
        1 ms  AssignTargetPath                           6 calls
        1 ms  MakeDir                                    9 calls
        1 ms  CheckVCToolsetVersion                      1 calls
        1 ms  SetEnv                                     8 calls
        2 ms  Message                                    3 calls
        2 ms  Touch                                      2 calls
        2 ms  WriteLinesToFile                           1 calls
        4 ms  GetOutOfDateItems                          3 calls
       13 ms  ResolvePackageFileConflicts                1 calls
      915 ms  Link                                       1 calls
     1025 ms  CL                                         1 calls
